[12:13:48] [Server thread/INFO]: Starting minecraft server version 1.8.8
[12:13:48] [Server thread/INFO]: Loading properties
[12:13:48] [Server thread/INFO]: Default game type: SURVIVAL
[12:13:48] [Server thread/INFO]: This server is running CraftBukkit version git-Spigot-21fe707-741a1bd (MC: 1.8.8) (Implementing API version 1.8.8-R0.1-SNAPSHOT)
[12:13:48] [Server thread/INFO]: Debug logging is disabled
[12:13:48] [Server thread/INFO]: Server Ping Player Sample Count: 12

[12:13:48] [Server thread/INFO]: Using 4 threads for Netty based IO
[12:13:48] [Server thread/INFO]: Generating keypair
[12:13:48] [Server thread/INFO]: Starting Minecraft server on *:24134
[12:13:48] [Server thread/INFO]: Using default channel type
[12:13:48] [Server thread/INFO]: Your platform does not provide complete low-level API for accessing direct buffers reliably. Unless explicitly requested, heap buffer will always be preferred to avoid potential system unstability.
[12:13:48] [Server thread/INFO]: Set PluginClassLoader as parallel capable
[12:13:48] [Server thread/INFO]: [RSMainLobby] Loading RSMainLobby v1.0.0
[12:13:48] [Server thread/INFO]: [RSBundler] Loading RSBundler vstable-3.33.27
[12:13:48] [Server thread/INFO]: [ViaVersion] Loading ViaVersion v4.4.2
[12:13:48] [Server thread/INFO]: [ViaVersion] ViaVersion 4.4.2 is now loaded, injecting!
[12:13:48] [Via-Mappingloader-0/INFO]: [ViaVersion] Loading 1.12 -> 1.13 mappings...
[12:13:48] [Via-Mappingloader-1/INFO]: [ViaVersion] Loading 1.13 -> 1.13.2 mappings...
[12:13:48] [Via-Mappingloader-2/INFO]: [ViaVersion] Loading 1.13.2 -> 1.14 mappings...
[12:13:48] [Via-Mappingloader-3/INFO]: [ViaVersion] Loading 1.14 -> 1.15 mappings...
[12:13:48] [Via-Mappingloader-4/INFO]: [ViaVersion] Loading 1.15 -> 1.16 mappings...
[12:13:48] [Via-Mappingloader-5/INFO]: [ViaVersion] Loading 1.16 -> 1.16.2 mappings...
[12:13:48] [Via-Mappingloader-1/INFO]: [ViaVersion] Loading 1.16.2 -> 1.17 mappings...
[12:13:48] [Via-Mappingloader-0/INFO]: [ViaVersion] Loading block connection mappings ...
[12:13:48] [Via-Mappingloader-6/INFO]: [ViaVersion] Loading 1.17 -> 1.18 mappings...
[12:13:48] [Via-Mappingloader-3/INFO]: [ViaVersion] Loading 1.18 -> 1.19 mappings...
[12:13:48] [Server thread/WARN]: **** SERVER IS RUNNING IN OFFLINE/INSECURE MODE!
[12:13:48] [Server thread/WARN]: The server will make no attempt to authenticate usernames. Beware.
[12:13:48] [Server thread/WARN]: While this makes the game possible to play without internet access, it also opens up the ability for hackers to connect with any username they choose.
[12:13:48] [Server thread/WARN]: To change this, set "online-mode" to "true" in the server.properties file.
[12:13:48] [Server thread/INFO]: **** Beginning UUID conversion, this may take A LONG time ****
[12:13:48] [Server thread/INFO]: Preparing level "world"
[12:13:48] [Server thread/INFO]: -------- World Settings For [world] --------
[12:13:48] [Server thread/INFO]: Allow Zombie Pigmen to spawn from portal blocks: true
[12:13:48] [Server thread/INFO]: Item Despawn Rate: 6000
[12:13:48] [Server thread/INFO]: Item Merge Radius: 2.5
[12:13:48] [Server thread/INFO]: Arrow Despawn Rate: 1200
[12:13:48] [Server thread/INFO]: View Distance: 10
[12:13:48] [Server thread/INFO]: Zombie Aggressive Towards Villager: true
[12:13:48] [Server thread/INFO]: Chunks to Grow per Tick: 650
[12:13:48] [Server thread/INFO]: Clear tick list: false
[12:13:48] [Server thread/INFO]: Experience Merge Radius: 3.0
[12:13:48] [Server thread/INFO]: Mob Spawn Range: 4
[12:13:48] [Server thread/INFO]: Anti X-Ray: true
[12:13:48] [Server thread/INFO]: 	Engine Mode: 1
[12:13:48] [Server thread/INFO]: 	Hidden Blocks: [14, 15, 16, 21, 48, 49, 54, 56, 73, 74, 82, 129, 130]
[12:13:48] [Server thread/INFO]: 	Replace Blocks: [1, 5]
[12:13:48] [Server thread/INFO]: Nerfing mobs spawned from spawners: false
[12:13:48] [Server thread/INFO]: Entity Activation Range: An 32 / Mo 32 / Mi 16
[12:13:48] [Server thread/INFO]: Cactus Growth Modifier: 100%
[12:13:48] [Server thread/INFO]: Cane Growth Modifier: 100%
[12:13:48] [Server thread/INFO]: Melon Growth Modifier: 100%
[12:13:48] [Server thread/INFO]: Mushroom Growth Modifier: 100%
[12:13:48] [Server thread/INFO]: Pumpkin Growth Modifier: 100%
[12:13:48] [Server thread/INFO]: Sapling Growth Modifier: 100%
[12:13:48] [Server thread/INFO]: Wheat Growth Modifier: 100%
[12:13:48] [Server thread/INFO]: NetherWart Growth Modifier: 100%
[12:13:48] [Server thread/INFO]: Hopper Transfer: 8 Hopper Check: 8 Hopper Amount: 1
[12:13:48] [Server thread/INFO]: Entity Tracking Range: Pl 48 / An 48 / Mo 48 / Mi 32 / Other 64
[12:13:48] [Server thread/INFO]: Random Lighting Updates: false
[12:13:48] [Server thread/INFO]: Structure Info Saving: true
[12:13:48] [Server thread/INFO]: Max Entity Collisions: 8
[12:13:48] [Server thread/INFO]: Tile Max Tick Time: 50ms Entity max Tick Time: 50ms
[12:13:48] [Server thread/INFO]: Custom Map Seeds:  Village: 10387312 Feature: 14357617
[12:13:48] [Server thread/INFO]: Sending up to 10 chunks per packet
[12:13:48] [Server thread/INFO]: Max TNT Explosions: 100
[12:13:49] [Server thread/INFO]: Preparing start region for level 0 (Seed: -4495347448867682294)
[12:13:49] [Server thread/INFO]: [RSMainLobby] Enabling RSMainLobby v1.0.0
[12:13:49] [Server thread/INFO]: [RSBundler] Enabling RSBundler vstable-3.33.27
[12:13:49] [Server thread/INFO]: [RSBundler] SFN Global Library had been sucessfully installed!
[12:13:49] [Server thread/INFO]: [ViaVersion] Enabling ViaVersion v4.4.2
[12:13:49] [Server thread/INFO]: Server permissions file permissions.yml is empty, ignoring it
[12:13:49] [Server thread/INFO]: Done (0.254s)! For help, type "help" or "?"
[12:13:49] [Server thread/INFO]: [ViaVersion] ViaVersion detected server version: 1.8.x (47)
[12:13:49] [Server thread/WARN]: [ViaVersion] This version of Minecraft is extremely outdated and support for it has reached its end of life. You will still be able to run Via on this Minecraft version, but we are unlikely to provide any further fixes or help with problems specific to legacy Minecraft versions. Please consider updating to give your players a better experience and to avoid issues that have long been fixed.
[12:13:49] [Server thread/INFO]: [ViaVersion] Finished mapping loading, shutting down loader executor!
[12:13:50] [Server thread/WARN]: [ViaVersion] There is a newer plugin version available: 4.6.1, you're on: 4.4.2
[12:15:26] [Thread-5/INFO]: UUID of player Relizc is 9fec5a8f-aaf8-39ec-aac7-7f66ae531d4c
[12:15:27] [Server thread/INFO]: Relizc[/127.0.0.1:50213] logged in with entity id 1 at ([world]0.5, 69.0, 0.5)
[12:15:29] [Server thread/INFO]: Relizc issued server command: /locraw
[12:15:30] [Server thread/INFO]: Relizc issued server command: /locraw
[12:15:31] [Server thread/INFO]: Relizc issued server command: /locraw
[12:15:32] [Server thread/INFO]: Relizc issued server command: /locraw
[12:20:58] [Server thread/INFO]: Relizc issued server command: /scoreboard
[12:21:00] [Server thread/INFO]: Relizc issued server command: /scoreboard teams
[12:21:02] [Server thread/INFO]: Relizc issued server command: /scoreboard teams list
[12:21:02] [Server thread/INFO]: [Relizc: There are no teams registered on the scoreboard]
[12:21:03] [Server thread/INFO]: Relizc issued server command: /scoreboard teams list
[12:21:03] [Server thread/INFO]: [Relizc: There are no teams registered on the scoreboard]
[12:21:03] [Server thread/INFO]: Relizc issued server command: /scoreboard teams list
[12:21:03] [Server thread/INFO]: [Relizc: There are no teams registered on the scoreboard]
[12:21:04] [Server thread/INFO]: Relizc issued server command: /scoreboard teams list
[12:21:04] [Server thread/INFO]: [Relizc: There are no teams registered on the scoreboard]
[12:21:04] [Server thread/INFO]: Relizc issued server command: /scoreboard teams list
[12:21:04] [Server thread/INFO]: [Relizc: There are no teams registered on the scoreboard]
[13:12:06] [Craft Scheduler Thread - 1/WARN]: java.net.ConnectException: Connection refused: connect

[13:12:06] [Craft Scheduler Thread - 1/WARN]: 	at java.base/sun.nio.ch.Net.connect0(Native Method)

[13:12:06] [Craft Scheduler Thread - 1/WARN]: 	at java.base/sun.nio.ch.Net.connect(Net.java:579)

[13:12:06] [Craft Scheduler Thread - 1/WARN]: 	at java.base/sun.nio.ch.Net.connect(Net.java:568)

[13:12:06] [Craft Scheduler Thread - 1/WARN]: 	at java.base/sun.nio.ch.NioSocketImpl.connect(NioSocketImpl.java:588)

[13:12:06] [Craft Scheduler Thread - 1/WARN]: 	at java.base/java.net.SocksSocketImpl.connect(SocksSocketImpl.java:327)

[13:12:06] [Craft Scheduler Thread - 1/WARN]: 	at java.base/java.net.Socket.connect(Socket.java:633)

[13:12:06] [Craft Scheduler Thread - 1/WARN]: 	at java.base/java.net.Socket.connect(Socket.java:583)

[13:12:06] [Craft Scheduler Thread - 1/WARN]: 	at java.base/java.net.Socket.<init>(Socket.java:507)

[13:12:06] [Craft Scheduler Thread - 1/WARN]: 	at java.base/java.net.Socket.<init>(Socket.java:287)

[13:12:06] [Craft Scheduler Thread - 1/WARN]: 	at net.itsrelizc.networking.Communication.sendMessage(Communication.java:195)

[13:12:06] [Craft Scheduler Thread - 1/WARN]: 	at net.itsrelizc.global.RawMain$2.run(RawMain.java:202)

[13:12:06] [Craft Scheduler Thread - 1/WARN]: 	at org.bukkit.craftbukkit.v1_8_R3.scheduler.CraftTask.run(CraftTask.java:71)

[13:12:06] [Craft Scheduler Thread - 1/WARN]: 	at org.bukkit.craftbukkit.v1_8_R3.scheduler.CraftAsyncTask.run(CraftAsyncTask.java:53)

[13:12:06] [Craft Scheduler Thread - 1/WARN]: 	at java.base/java.util.concurrent.ThreadPoolExecutor.runWorker(ThreadPoolExecutor.java:1136)

[13:12:06] [Craft Scheduler Thread - 1/WARN]: 	at java.base/java.util.concurrent.ThreadPoolExecutor$Worker.run(ThreadPoolExecutor.java:635)

[13:12:06] [Craft Scheduler Thread - 1/WARN]: 	at java.base/java.lang.Thread.run(Thread.java:833)

[13:12:07] [Craft Scheduler Thread - 1/WARN]: java.net.ConnectException: Connection refused: connect

[13:12:07] [Craft Scheduler Thread - 1/WARN]: 	at java.base/sun.nio.ch.Net.connect0(Native Method)

[13:12:07] [Craft Scheduler Thread - 1/WARN]: 	at java.base/sun.nio.ch.Net.connect(Net.java:579)

[13:12:07] [Craft Scheduler Thread - 1/WARN]: 	at java.base/sun.nio.ch.Net.connect(Net.java:568)

[13:12:07] [Craft Scheduler Thread - 1/WARN]: 	at java.base/sun.nio.ch.NioSocketImpl.connect(NioSocketImpl.java:588)

[13:12:07] [Craft Scheduler Thread - 1/WARN]: 	at java.base/java.net.SocksSocketImpl.connect(SocksSocketImpl.java:327)

[13:12:07] [Craft Scheduler Thread - 1/WARN]: 	at java.base/java.net.Socket.connect(Socket.java:633)

[13:12:07] [Craft Scheduler Thread - 1/WARN]: 	at java.base/java.net.Socket.connect(Socket.java:583)

[13:12:07] [Craft Scheduler Thread - 1/WARN]: 	at java.base/java.net.Socket.<init>(Socket.java:507)

[13:12:07] [Craft Scheduler Thread - 1/WARN]: 	at java.base/java.net.Socket.<init>(Socket.java:287)

[13:12:07] [Craft Scheduler Thread - 1/WARN]: 	at net.itsrelizc.networking.Communication.sendMessage(Communication.java:195)

[13:12:07] [Craft Scheduler Thread - 1/WARN]: 	at net.itsrelizc.global.RawMain$2.run(RawMain.java:202)

[13:12:07] [Craft Scheduler Thread - 1/WARN]: 	at org.bukkit.craftbukkit.v1_8_R3.scheduler.CraftTask.run(CraftTask.java:71)

[13:12:07] [Craft Scheduler Thread - 1/WARN]: 	at org.bukkit.craftbukkit.v1_8_R3.scheduler.CraftAsyncTask.run(CraftAsyncTask.java:53)

[13:12:07] [Craft Scheduler Thread - 1/WARN]: 	at java.base/java.util.concurrent.ThreadPoolExecutor.runWorker(ThreadPoolExecutor.java:1136)

[13:12:07] [Craft Scheduler Thread - 1/WARN]: 	at java.base/java.util.concurrent.ThreadPoolExecutor$Worker.run(ThreadPoolExecutor.java:635)

[13:12:07] [Craft Scheduler Thread - 1/WARN]: 	at java.base/java.lang.Thread.run(Thread.java:833)

[13:12:08] [Craft Scheduler Thread - 1/WARN]: java.net.ConnectException: Connection refused: connect

[13:12:08] [Craft Scheduler Thread - 1/WARN]: 	at java.base/sun.nio.ch.Net.connect0(Native Method)

[13:12:08] [Craft Scheduler Thread - 1/WARN]: 	at java.base/sun.nio.ch.Net.connect(Net.java:579)

[13:12:08] [Craft Scheduler Thread - 1/WARN]: 	at java.base/sun.nio.ch.Net.connect(Net.java:568)

[13:12:08] [Craft Scheduler Thread - 1/WARN]: 	at java.base/sun.nio.ch.NioSocketImpl.connect(NioSocketImpl.java:588)

[13:12:08] [Craft Scheduler Thread - 1/WARN]: 	at java.base/java.net.SocksSocketImpl.connect(SocksSocketImpl.java:327)

[13:12:08] [Craft Scheduler Thread - 1/WARN]: 	at java.base/java.net.Socket.connect(Socket.java:633)

[13:12:08] [Craft Scheduler Thread - 1/WARN]: 	at java.base/java.net.Socket.connect(Socket.java:583)

[13:12:08] [Craft Scheduler Thread - 1/WARN]: 	at java.base/java.net.Socket.<init>(Socket.java:507)

[13:12:08] [Craft Scheduler Thread - 1/WARN]: 	at java.base/java.net.Socket.<init>(Socket.java:287)

[13:12:08] [Craft Scheduler Thread - 1/WARN]: 	at net.itsrelizc.networking.Communication.sendMessage(Communication.java:195)

[13:12:08] [Craft Scheduler Thread - 1/WARN]: 	at net.itsrelizc.global.RawMain$2.run(RawMain.java:202)

[13:12:08] [Craft Scheduler Thread - 1/WARN]: 	at org.bukkit.craftbukkit.v1_8_R3.scheduler.CraftTask.run(CraftTask.java:71)

[13:12:08] [Craft Scheduler Thread - 1/WARN]: 	at org.bukkit.craftbukkit.v1_8_R3.scheduler.CraftAsyncTask.run(CraftAsyncTask.java:53)

[13:12:08] [Craft Scheduler Thread - 1/WARN]: 	at java.base/java.util.concurrent.ThreadPoolExecutor.runWorker(ThreadPoolExecutor.java:1136)

[13:12:08] [Craft Scheduler Thread - 1/WARN]: 	at java.base/java.util.concurrent.ThreadPoolExecutor$Worker.run(ThreadPoolExecutor.java:635)

[13:12:08] [Craft Scheduler Thread - 1/WARN]: 	at java.base/java.lang.Thread.run(Thread.java:833)

[13:12:09] [Craft Scheduler Thread - 1/WARN]: java.net.ConnectException: Connection refused: connect

[13:12:09] [Craft Scheduler Thread - 1/WARN]: 	at java.base/sun.nio.ch.Net.connect0(Native Method)

[13:12:09] [Craft Scheduler Thread - 1/WARN]: 	at java.base/sun.nio.ch.Net.connect(Net.java:579)

[13:12:09] [Craft Scheduler Thread - 1/WARN]: 	at java.base/sun.nio.ch.Net.connect(Net.java:568)

[13:12:09] [Craft Scheduler Thread - 1/WARN]: 	at java.base/sun.nio.ch.NioSocketImpl.connect(NioSocketImpl.java:588)

[13:12:09] [Craft Scheduler Thread - 1/WARN]: 	at java.base/java.net.SocksSocketImpl.connect(SocksSocketImpl.java:327)

[13:12:09] [Craft Scheduler Thread - 1/WARN]: 	at java.base/java.net.Socket.connect(Socket.java:633)

[13:12:09] [Craft Scheduler Thread - 1/WARN]: 	at java.base/java.net.Socket.connect(Socket.java:583)

[13:12:09] [Craft Scheduler Thread - 1/WARN]: 	at java.base/java.net.Socket.<init>(Socket.java:507)

[13:12:09] [Craft Scheduler Thread - 1/WARN]: 	at java.base/java.net.Socket.<init>(Socket.java:287)

[13:12:09] [Craft Scheduler Thread - 1/WARN]: 	at net.itsrelizc.networking.Communication.sendMessage(Communication.java:195)

[13:12:09] [Craft Scheduler Thread - 1/WARN]: 	at net.itsrelizc.global.RawMain$2.run(RawMain.java:202)

[13:12:09] [Craft Scheduler Thread - 1/WARN]: 	at org.bukkit.craftbukkit.v1_8_R3.scheduler.CraftTask.run(CraftTask.java:71)

[13:12:09] [Craft Scheduler Thread - 1/WARN]: 	at org.bukkit.craftbukkit.v1_8_R3.scheduler.CraftAsyncTask.run(CraftAsyncTask.java:53)

[13:12:09] [Craft Scheduler Thread - 1/WARN]: 	at java.base/java.util.concurrent.ThreadPoolExecutor.runWorker(ThreadPoolExecutor.java:1136)

[13:12:09] [Craft Scheduler Thread - 1/WARN]: 	at java.base/java.util.concurrent.ThreadPoolExecutor$Worker.run(ThreadPoolExecutor.java:635)

[13:12:09] [Craft Scheduler Thread - 1/WARN]: 	at java.base/java.lang.Thread.run(Thread.java:833)

[13:12:10] [Craft Scheduler Thread - 1/WARN]: java.net.ConnectException: Connection refused: connect

[13:12:10] [Craft Scheduler Thread - 1/WARN]: 	at java.base/sun.nio.ch.Net.connect0(Native Method)

[13:12:10] [Craft Scheduler Thread - 1/WARN]: 	at java.base/sun.nio.ch.Net.connect(Net.java:579)

[13:12:10] [Craft Scheduler Thread - 1/WARN]: 	at java.base/sun.nio.ch.Net.connect(Net.java:568)

[13:12:10] [Craft Scheduler Thread - 1/WARN]: 	at java.base/sun.nio.ch.NioSocketImpl.connect(NioSocketImpl.java:588)

[13:12:10] [Craft Scheduler Thread - 1/WARN]: 	at java.base/java.net.SocksSocketImpl.connect(SocksSocketImpl.java:327)

[13:12:10] [Craft Scheduler Thread - 1/WARN]: 	at java.base/java.net.Socket.connect(Socket.java:633)

[13:12:10] [Craft Scheduler Thread - 1/WARN]: 	at java.base/java.net.Socket.connect(Socket.java:583)

[13:12:10] [Craft Scheduler Thread - 1/WARN]: 	at java.base/java.net.Socket.<init>(Socket.java:507)

[13:12:10] [Craft Scheduler Thread - 1/WARN]: 	at java.base/java.net.Socket.<init>(Socket.java:287)

[13:12:10] [Craft Scheduler Thread - 1/WARN]: 	at net.itsrelizc.networking.Communication.sendMessage(Communication.java:195)

[13:12:10] [Craft Scheduler Thread - 1/WARN]: 	at net.itsrelizc.global.RawMain$2.run(RawMain.java:202)

[13:12:10] [Craft Scheduler Thread - 1/WARN]: 	at org.bukkit.craftbukkit.v1_8_R3.scheduler.CraftTask.run(CraftTask.java:71)

[13:12:10] [Craft Scheduler Thread - 1/WARN]: 	at org.bukkit.craftbukkit.v1_8_R3.scheduler.CraftAsyncTask.run(CraftAsyncTask.java:53)

[13:12:10] [Craft Scheduler Thread - 1/WARN]: 	at java.base/java.util.concurrent.ThreadPoolExecutor.runWorker(ThreadPoolExecutor.java:1136)

[13:12:10] [Craft Scheduler Thread - 1/WARN]: 	at java.base/java.util.concurrent.ThreadPoolExecutor$Worker.run(ThreadPoolExecutor.java:635)

[13:12:10] [Craft Scheduler Thread - 1/WARN]: 	at java.base/java.lang.Thread.run(Thread.java:833)

[13:12:11] [Craft Scheduler Thread - 1/WARN]: java.net.ConnectException: Connection refused: connect

[13:12:11] [Craft Scheduler Thread - 1/WARN]: 	at java.base/sun.nio.ch.Net.connect0(Native Method)

[13:12:11] [Craft Scheduler Thread - 1/WARN]: 	at java.base/sun.nio.ch.Net.connect(Net.java:579)

[13:12:11] [Craft Scheduler Thread - 1/WARN]: 	at java.base/sun.nio.ch.Net.connect(Net.java:568)

[13:12:11] [Craft Scheduler Thread - 1/WARN]: 	at java.base/sun.nio.ch.NioSocketImpl.connect(NioSocketImpl.java:588)

[13:12:11] [Craft Scheduler Thread - 1/WARN]: 	at java.base/java.net.SocksSocketImpl.connect(SocksSocketImpl.java:327)

[13:12:11] [Craft Scheduler Thread - 1/WARN]: 	at java.base/java.net.Socket.connect(Socket.java:633)

[13:12:11] [Craft Scheduler Thread - 1/WARN]: 	at java.base/java.net.Socket.connect(Socket.java:583)

[13:12:11] [Craft Scheduler Thread - 1/WARN]: 	at java.base/java.net.Socket.<init>(Socket.java:507)

[13:12:11] [Craft Scheduler Thread - 1/WARN]: 	at java.base/java.net.Socket.<init>(Socket.java:287)

[13:12:11] [Craft Scheduler Thread - 1/WARN]: 	at net.itsrelizc.networking.Communication.sendMessage(Communication.java:195)

[13:12:11] [Craft Scheduler Thread - 1/WARN]: 	at net.itsrelizc.global.RawMain$2.run(RawMain.java:202)

[13:12:11] [Craft Scheduler Thread - 1/WARN]: 	at org.bukkit.craftbukkit.v1_8_R3.scheduler.CraftTask.run(CraftTask.java:71)

[13:12:11] [Craft Scheduler Thread - 1/WARN]: 	at org.bukkit.craftbukkit.v1_8_R3.scheduler.CraftAsyncTask.run(CraftAsyncTask.java:53)

[13:12:11] [Craft Scheduler Thread - 1/WARN]: 	at java.base/java.util.concurrent.ThreadPoolExecutor.runWorker(ThreadPoolExecutor.java:1136)

[13:12:11] [Craft Scheduler Thread - 1/WARN]: 	at java.base/java.util.concurrent.ThreadPoolExecutor$Worker.run(ThreadPoolExecutor.java:635)

[13:12:11] [Craft Scheduler Thread - 1/WARN]: 	at java.base/java.lang.Thread.run(Thread.java:833)

[13:12:12] [Craft Scheduler Thread - 1/WARN]: java.net.ConnectException: Connection refused: connect

[13:12:12] [Craft Scheduler Thread - 1/WARN]: 	at java.base/sun.nio.ch.Net.connect0(Native Method)

[13:12:12] [Craft Scheduler Thread - 1/WARN]: 	at java.base/sun.nio.ch.Net.connect(Net.java:579)

[13:12:12] [Craft Scheduler Thread - 1/WARN]: 	at java.base/sun.nio.ch.Net.connect(Net.java:568)

[13:12:12] [Craft Scheduler Thread - 1/WARN]: 	at java.base/sun.nio.ch.NioSocketImpl.connect(NioSocketImpl.java:588)

[13:12:12] [Craft Scheduler Thread - 1/WARN]: 	at java.base/java.net.SocksSocketImpl.connect(SocksSocketImpl.java:327)

[13:12:12] [Craft Scheduler Thread - 1/WARN]: 	at java.base/java.net.Socket.connect(Socket.java:633)

[13:12:12] [Craft Scheduler Thread - 1/WARN]: 	at java.base/java.net.Socket.connect(Socket.java:583)

[13:12:12] [Craft Scheduler Thread - 1/WARN]: 	at java.base/java.net.Socket.<init>(Socket.java:507)

[13:12:12] [Craft Scheduler Thread - 1/WARN]: 	at java.base/java.net.Socket.<init>(Socket.java:287)

[13:12:12] [Craft Scheduler Thread - 1/WARN]: 	at net.itsrelizc.networking.Communication.sendMessage(Communication.java:195)

[13:12:12] [Craft Scheduler Thread - 1/WARN]: 	at net.itsrelizc.global.RawMain$2.run(RawMain.java:202)

[13:12:12] [Craft Scheduler Thread - 1/WARN]: 	at org.bukkit.craftbukkit.v1_8_R3.scheduler.CraftTask.run(CraftTask.java:71)

[13:12:12] [Craft Scheduler Thread - 1/WARN]: 	at org.bukkit.craftbukkit.v1_8_R3.scheduler.CraftAsyncTask.run(CraftAsyncTask.java:53)

[13:12:12] [Craft Scheduler Thread - 1/WARN]: 	at java.base/java.util.concurrent.ThreadPoolExecutor.runWorker(ThreadPoolExecutor.java:1136)

[13:12:12] [Craft Scheduler Thread - 1/WARN]: 	at java.base/java.util.concurrent.ThreadPoolExecutor$Worker.run(ThreadPoolExecutor.java:635)

[13:12:12] [Craft Scheduler Thread - 1/WARN]: 	at java.base/java.lang.Thread.run(Thread.java:833)

[13:12:13] [Craft Scheduler Thread - 1/WARN]: java.net.ConnectException: Connection refused: connect

[13:12:13] [Craft Scheduler Thread - 1/WARN]: 	at java.base/sun.nio.ch.Net.connect0(Native Method)

[13:12:13] [Craft Scheduler Thread - 1/WARN]: 	at java.base/sun.nio.ch.Net.connect(Net.java:579)

[13:12:13] [Craft Scheduler Thread - 1/WARN]: 	at java.base/sun.nio.ch.Net.connect(Net.java:568)

[13:12:13] [Craft Scheduler Thread - 1/WARN]: 	at java.base/sun.nio.ch.NioSocketImpl.connect(NioSocketImpl.java:588)

[13:12:13] [Craft Scheduler Thread - 1/WARN]: 	at java.base/java.net.SocksSocketImpl.connect(SocksSocketImpl.java:327)

[13:12:13] [Craft Scheduler Thread - 1/WARN]: 	at java.base/java.net.Socket.connect(Socket.java:633)

[13:12:13] [Craft Scheduler Thread - 1/WARN]: 	at java.base/java.net.Socket.connect(Socket.java:583)

[13:12:13] [Craft Scheduler Thread - 1/WARN]: 	at java.base/java.net.Socket.<init>(Socket.java:507)

[13:12:13] [Craft Scheduler Thread - 1/WARN]: 	at java.base/java.net.Socket.<init>(Socket.java:287)

[13:12:13] [Craft Scheduler Thread - 1/WARN]: 	at net.itsrelizc.networking.Communication.sendMessage(Communication.java:195)

[13:12:13] [Craft Scheduler Thread - 1/WARN]: 	at net.itsrelizc.global.RawMain$2.run(RawMain.java:202)

[13:12:13] [Craft Scheduler Thread - 1/WARN]: 	at org.bukkit.craftbukkit.v1_8_R3.scheduler.CraftTask.run(CraftTask.java:71)

[13:12:13] [Craft Scheduler Thread - 1/WARN]: 	at org.bukkit.craftbukkit.v1_8_R3.scheduler.CraftAsyncTask.run(CraftAsyncTask.java:53)

[13:12:13] [Craft Scheduler Thread - 1/WARN]: 	at java.base/java.util.concurrent.ThreadPoolExecutor.runWorker(ThreadPoolExecutor.java:1136)

[13:12:13] [Craft Scheduler Thread - 1/WARN]: 	at java.base/java.util.concurrent.ThreadPoolExecutor$Worker.run(ThreadPoolExecutor.java:635)

[13:12:13] [Craft Scheduler Thread - 1/WARN]: 	at java.base/java.lang.Thread.run(Thread.java:833)

[13:12:14] [Craft Scheduler Thread - 1/WARN]: java.net.ConnectException: Connection refused: connect

[13:12:14] [Craft Scheduler Thread - 1/WARN]: 	at java.base/sun.nio.ch.Net.connect0(Native Method)

[13:12:14] [Craft Scheduler Thread - 1/WARN]: 	at java.base/sun.nio.ch.Net.connect(Net.java:579)

[13:12:14] [Craft Scheduler Thread - 1/WARN]: 	at java.base/sun.nio.ch.Net.connect(Net.java:568)

[13:12:14] [Craft Scheduler Thread - 1/WARN]: 	at java.base/sun.nio.ch.NioSocketImpl.connect(NioSocketImpl.java:588)

[13:12:14] [Craft Scheduler Thread - 1/WARN]: 	at java.base/java.net.SocksSocketImpl.connect(SocksSocketImpl.java:327)

[13:12:14] [Craft Scheduler Thread - 1/WARN]: 	at java.base/java.net.Socket.connect(Socket.java:633)

[13:12:14] [Craft Scheduler Thread - 1/WARN]: 	at java.base/java.net.Socket.connect(Socket.java:583)

[13:12:14] [Craft Scheduler Thread - 1/WARN]: 	at java.base/java.net.Socket.<init>(Socket.java:507)

[13:12:14] [Craft Scheduler Thread - 1/WARN]: 	at java.base/java.net.Socket.<init>(Socket.java:287)

[13:12:14] [Craft Scheduler Thread - 1/WARN]: 	at net.itsrelizc.networking.Communication.sendMessage(Communication.java:195)

[13:12:14] [Craft Scheduler Thread - 1/WARN]: 	at net.itsrelizc.global.RawMain$2.run(RawMain.java:202)

[13:12:14] [Craft Scheduler Thread - 1/WARN]: 	at org.bukkit.craftbukkit.v1_8_R3.scheduler.CraftTask.run(CraftTask.java:71)

[13:12:14] [Craft Scheduler Thread - 1/WARN]: 	at org.bukkit.craftbukkit.v1_8_R3.scheduler.CraftAsyncTask.run(CraftAsyncTask.java:53)

[13:12:14] [Craft Scheduler Thread - 1/WARN]: 	at java.base/java.util.concurrent.ThreadPoolExecutor.runWorker(ThreadPoolExecutor.java:1136)

[13:12:14] [Craft Scheduler Thread - 1/WARN]: 	at java.base/java.util.concurrent.ThreadPoolExecutor$Worker.run(ThreadPoolExecutor.java:635)

[13:12:14] [Craft Scheduler Thread - 1/WARN]: 	at java.base/java.lang.Thread.run(Thread.java:833)

[13:12:15] [Craft Scheduler Thread - 1/WARN]: java.net.ConnectException: Connection refused: connect

[13:12:15] [Craft Scheduler Thread - 1/WARN]: 	at java.base/sun.nio.ch.Net.connect0(Native Method)

[13:12:15] [Craft Scheduler Thread - 1/WARN]: 	at java.base/sun.nio.ch.Net.connect(Net.java:579)

[13:12:15] [Craft Scheduler Thread - 1/WARN]: 	at java.base/sun.nio.ch.Net.connect(Net.java:568)

[13:12:15] [Craft Scheduler Thread - 1/WARN]: 	at java.base/sun.nio.ch.NioSocketImpl.connect(NioSocketImpl.java:588)

[13:12:15] [Craft Scheduler Thread - 1/WARN]: 	at java.base/java.net.SocksSocketImpl.connect(SocksSocketImpl.java:327)

[13:12:15] [Craft Scheduler Thread - 1/WARN]: 	at java.base/java.net.Socket.connect(Socket.java:633)

[13:12:15] [Craft Scheduler Thread - 1/WARN]: 	at java.base/java.net.Socket.connect(Socket.java:583)

[13:12:15] [Craft Scheduler Thread - 1/WARN]: 	at java.base/java.net.Socket.<init>(Socket.java:507)

[13:12:15] [Craft Scheduler Thread - 1/WARN]: 	at java.base/java.net.Socket.<init>(Socket.java:287)

[13:12:15] [Craft Scheduler Thread - 1/WARN]: 	at net.itsrelizc.networking.Communication.sendMessage(Communication.java:195)

[13:12:15] [Craft Scheduler Thread - 1/WARN]: 	at net.itsrelizc.global.RawMain$2.run(RawMain.java:202)

[13:12:15] [Craft Scheduler Thread - 1/WARN]: 	at org.bukkit.craftbukkit.v1_8_R3.scheduler.CraftTask.run(CraftTask.java:71)

[13:12:15] [Craft Scheduler Thread - 1/WARN]: 	at org.bukkit.craftbukkit.v1_8_R3.scheduler.CraftAsyncTask.run(CraftAsyncTask.java:53)

[13:12:15] [Craft Scheduler Thread - 1/WARN]: 	at java.base/java.util.concurrent.ThreadPoolExecutor.runWorker(ThreadPoolExecutor.java:1136)

[13:12:15] [Craft Scheduler Thread - 1/WARN]: 	at java.base/java.util.concurrent.ThreadPoolExecutor$Worker.run(ThreadPoolExecutor.java:635)

[13:12:15] [Craft Scheduler Thread - 1/WARN]: 	at java.base/java.lang.Thread.run(Thread.java:833)

[13:12:16] [Craft Scheduler Thread - 1/WARN]: java.net.ConnectException: Connection refused: connect

[13:12:16] [Craft Scheduler Thread - 1/WARN]: 	at java.base/sun.nio.ch.Net.connect0(Native Method)

[13:12:16] [Craft Scheduler Thread - 1/WARN]: 	at java.base/sun.nio.ch.Net.connect(Net.java:579)

[13:12:16] [Craft Scheduler Thread - 1/WARN]: 	at java.base/sun.nio.ch.Net.connect(Net.java:568)

[13:12:16] [Craft Scheduler Thread - 1/WARN]: 	at java.base/sun.nio.ch.NioSocketImpl.connect(NioSocketImpl.java:588)

[13:12:16] [Craft Scheduler Thread - 1/WARN]: 	at java.base/java.net.SocksSocketImpl.connect(SocksSocketImpl.java:327)

[13:12:16] [Craft Scheduler Thread - 1/WARN]: 	at java.base/java.net.Socket.connect(Socket.java:633)

[13:12:16] [Craft Scheduler Thread - 1/WARN]: 	at java.base/java.net.Socket.connect(Socket.java:583)

[13:12:16] [Craft Scheduler Thread - 1/WARN]: 	at java.base/java.net.Socket.<init>(Socket.java:507)

[13:12:16] [Craft Scheduler Thread - 1/WARN]: 	at java.base/java.net.Socket.<init>(Socket.java:287)

[13:12:16] [Craft Scheduler Thread - 1/WARN]: 	at net.itsrelizc.networking.Communication.sendMessage(Communication.java:195)

[13:12:16] [Craft Scheduler Thread - 1/WARN]: 	at net.itsrelizc.global.RawMain$2.run(RawMain.java:202)

[13:12:16] [Craft Scheduler Thread - 1/WARN]: 	at org.bukkit.craftbukkit.v1_8_R3.scheduler.CraftTask.run(CraftTask.java:71)

[13:12:16] [Craft Scheduler Thread - 1/WARN]: 	at org.bukkit.craftbukkit.v1_8_R3.scheduler.CraftAsyncTask.run(CraftAsyncTask.java:53)

[13:12:16] [Craft Scheduler Thread - 1/WARN]: 	at java.base/java.util.concurrent.ThreadPoolExecutor.runWorker(ThreadPoolExecutor.java:1136)

[13:12:16] [Craft Scheduler Thread - 1/WARN]: 	at java.base/java.util.concurrent.ThreadPoolExecutor$Worker.run(ThreadPoolExecutor.java:635)

[13:12:16] [Craft Scheduler Thread - 1/WARN]: 	at java.base/java.lang.Thread.run(Thread.java:833)

[13:12:17] [Craft Scheduler Thread - 1/WARN]: java.net.ConnectException: Connection refused: connect

[13:12:17] [Craft Scheduler Thread - 1/WARN]: 	at java.base/sun.nio.ch.Net.connect0(Native Method)

[13:12:17] [Craft Scheduler Thread - 1/WARN]: 	at java.base/sun.nio.ch.Net.connect(Net.java:579)

[13:12:17] [Craft Scheduler Thread - 1/WARN]: 	at java.base/sun.nio.ch.Net.connect(Net.java:568)

[13:12:17] [Craft Scheduler Thread - 1/WARN]: 	at java.base/sun.nio.ch.NioSocketImpl.connect(NioSocketImpl.java:588)

[13:12:17] [Craft Scheduler Thread - 1/WARN]: 	at java.base/java.net.SocksSocketImpl.connect(SocksSocketImpl.java:327)

[13:12:17] [Craft Scheduler Thread - 1/WARN]: 	at java.base/java.net.Socket.connect(Socket.java:633)

[13:12:17] [Craft Scheduler Thread - 1/WARN]: 	at java.base/java.net.Socket.connect(Socket.java:583)

[13:12:17] [Craft Scheduler Thread - 1/WARN]: 	at java.base/java.net.Socket.<init>(Socket.java:507)

[13:12:17] [Craft Scheduler Thread - 1/WARN]: 	at java.base/java.net.Socket.<init>(Socket.java:287)

[13:12:17] [Craft Scheduler Thread - 1/WARN]: 	at net.itsrelizc.networking.Communication.sendMessage(Communication.java:195)

[13:12:17] [Craft Scheduler Thread - 1/WARN]: 	at net.itsrelizc.global.RawMain$2.run(RawMain.java:202)

[13:12:17] [Craft Scheduler Thread - 1/WARN]: 	at org.bukkit.craftbukkit.v1_8_R3.scheduler.CraftTask.run(CraftTask.java:71)

[13:12:17] [Craft Scheduler Thread - 1/WARN]: 	at org.bukkit.craftbukkit.v1_8_R3.scheduler.CraftAsyncTask.run(CraftAsyncTask.java:53)

[13:12:17] [Craft Scheduler Thread - 1/WARN]: 	at java.base/java.util.concurrent.ThreadPoolExecutor.runWorker(ThreadPoolExecutor.java:1136)

[13:12:17] [Craft Scheduler Thread - 1/WARN]: 	at java.base/java.util.concurrent.ThreadPoolExecutor$Worker.run(ThreadPoolExecutor.java:635)

[13:12:17] [Craft Scheduler Thread - 1/WARN]: 	at java.base/java.lang.Thread.run(Thread.java:833)

[13:12:18] [Craft Scheduler Thread - 1/WARN]: java.net.ConnectException: Connection refused: connect

[13:12:18] [Craft Scheduler Thread - 1/WARN]: 	at java.base/sun.nio.ch.Net.connect0(Native Method)

[13:12:18] [Craft Scheduler Thread - 1/WARN]: 	at java.base/sun.nio.ch.Net.connect(Net.java:579)

[13:12:18] [Craft Scheduler Thread - 1/WARN]: 	at java.base/sun.nio.ch.Net.connect(Net.java:568)

[13:12:18] [Craft Scheduler Thread - 1/WARN]: 	at java.base/sun.nio.ch.NioSocketImpl.connect(NioSocketImpl.java:588)

[13:12:18] [Craft Scheduler Thread - 1/WARN]: 	at java.base/java.net.SocksSocketImpl.connect(SocksSocketImpl.java:327)

[13:12:18] [Craft Scheduler Thread - 1/WARN]: 	at java.base/java.net.Socket.connect(Socket.java:633)

[13:12:18] [Craft Scheduler Thread - 1/WARN]: 	at java.base/java.net.Socket.connect(Socket.java:583)

[13:12:18] [Craft Scheduler Thread - 1/WARN]: 	at java.base/java.net.Socket.<init>(Socket.java:507)

[13:12:18] [Craft Scheduler Thread - 1/WARN]: 	at java.base/java.net.Socket.<init>(Socket.java:287)

[13:12:18] [Craft Scheduler Thread - 1/WARN]: 	at net.itsrelizc.networking.Communication.sendMessage(Communication.java:195)

[13:12:18] [Craft Scheduler Thread - 1/WARN]: 	at net.itsrelizc.global.RawMain$2.run(RawMain.java:202)

[13:12:18] [Craft Scheduler Thread - 1/WARN]: 	at org.bukkit.craftbukkit.v1_8_R3.scheduler.CraftTask.run(CraftTask.java:71)

[13:12:18] [Craft Scheduler Thread - 1/WARN]: 	at org.bukkit.craftbukkit.v1_8_R3.scheduler.CraftAsyncTask.run(CraftAsyncTask.java:53)

[13:12:18] [Craft Scheduler Thread - 1/WARN]: 	at java.base/java.util.concurrent.ThreadPoolExecutor.runWorker(ThreadPoolExecutor.java:1136)

[13:12:18] [Craft Scheduler Thread - 1/WARN]: 	at java.base/java.util.concurrent.ThreadPoolExecutor$Worker.run(ThreadPoolExecutor.java:635)

[13:12:18] [Craft Scheduler Thread - 1/WARN]: 	at java.base/java.lang.Thread.run(Thread.java:833)

[13:12:19] [Craft Scheduler Thread - 1/WARN]: java.net.ConnectException: Connection refused: connect

[13:12:19] [Craft Scheduler Thread - 1/WARN]: 	at java.base/sun.nio.ch.Net.connect0(Native Method)

[13:12:19] [Craft Scheduler Thread - 1/WARN]: 	at java.base/sun.nio.ch.Net.connect(Net.java:579)

[13:12:19] [Craft Scheduler Thread - 1/WARN]: 	at java.base/sun.nio.ch.Net.connect(Net.java:568)

[13:12:19] [Craft Scheduler Thread - 1/WARN]: 	at java.base/sun.nio.ch.NioSocketImpl.connect(NioSocketImpl.java:588)

[13:12:19] [Craft Scheduler Thread - 1/WARN]: 	at java.base/java.net.SocksSocketImpl.connect(SocksSocketImpl.java:327)

[13:12:19] [Craft Scheduler Thread - 1/WARN]: 	at java.base/java.net.Socket.connect(Socket.java:633)

[13:12:19] [Craft Scheduler Thread - 1/WARN]: 	at java.base/java.net.Socket.connect(Socket.java:583)

[13:12:19] [Craft Scheduler Thread - 1/WARN]: 	at java.base/java.net.Socket.<init>(Socket.java:507)

[13:12:19] [Craft Scheduler Thread - 1/WARN]: 	at java.base/java.net.Socket.<init>(Socket.java:287)

[13:12:19] [Craft Scheduler Thread - 1/WARN]: 	at net.itsrelizc.networking.Communication.sendMessage(Communication.java:195)

[13:12:19] [Craft Scheduler Thread - 1/WARN]: 	at net.itsrelizc.global.RawMain$2.run(RawMain.java:202)

[13:12:19] [Craft Scheduler Thread - 1/WARN]: 	at org.bukkit.craftbukkit.v1_8_R3.scheduler.CraftTask.run(CraftTask.java:71)

[13:12:19] [Craft Scheduler Thread - 1/WARN]: 	at org.bukkit.craftbukkit.v1_8_R3.scheduler.CraftAsyncTask.run(CraftAsyncTask.java:53)

[13:12:19] [Craft Scheduler Thread - 1/WARN]: 	at java.base/java.util.concurrent.ThreadPoolExecutor.runWorker(ThreadPoolExecutor.java:1136)

[13:12:19] [Craft Scheduler Thread - 1/WARN]: 	at java.base/java.util.concurrent.ThreadPoolExecutor$Worker.run(ThreadPoolExecutor.java:635)

[13:12:19] [Craft Scheduler Thread - 1/WARN]: 	at java.base/java.lang.Thread.run(Thread.java:833)

[13:12:20] [Craft Scheduler Thread - 1/WARN]: java.net.ConnectException: Connection refused: connect

[13:12:20] [Craft Scheduler Thread - 1/WARN]: 	at java.base/sun.nio.ch.Net.connect0(Native Method)

[13:12:20] [Craft Scheduler Thread - 1/WARN]: 	at java.base/sun.nio.ch.Net.connect(Net.java:579)

[13:12:20] [Craft Scheduler Thread - 1/WARN]: 	at java.base/sun.nio.ch.Net.connect(Net.java:568)

[13:12:20] [Craft Scheduler Thread - 1/WARN]: 	at java.base/sun.nio.ch.NioSocketImpl.connect(NioSocketImpl.java:588)

[13:12:20] [Craft Scheduler Thread - 1/WARN]: 	at java.base/java.net.SocksSocketImpl.connect(SocksSocketImpl.java:327)

[13:12:20] [Craft Scheduler Thread - 1/WARN]: 	at java.base/java.net.Socket.connect(Socket.java:633)

[13:12:20] [Craft Scheduler Thread - 1/WARN]: 	at java.base/java.net.Socket.connect(Socket.java:583)

[13:12:20] [Craft Scheduler Thread - 1/WARN]: 	at java.base/java.net.Socket.<init>(Socket.java:507)

[13:12:20] [Craft Scheduler Thread - 1/WARN]: 	at java.base/java.net.Socket.<init>(Socket.java:287)

[13:12:20] [Craft Scheduler Thread - 1/WARN]: 	at net.itsrelizc.networking.Communication.sendMessage(Communication.java:195)

[13:12:20] [Craft Scheduler Thread - 1/WARN]: 	at net.itsrelizc.global.RawMain$2.run(RawMain.java:202)

[13:12:20] [Craft Scheduler Thread - 1/WARN]: 	at org.bukkit.craftbukkit.v1_8_R3.scheduler.CraftTask.run(CraftTask.java:71)

[13:12:20] [Craft Scheduler Thread - 1/WARN]: 	at org.bukkit.craftbukkit.v1_8_R3.scheduler.CraftAsyncTask.run(CraftAsyncTask.java:53)

[13:12:20] [Craft Scheduler Thread - 1/WARN]: 	at java.base/java.util.concurrent.ThreadPoolExecutor.runWorker(ThreadPoolExecutor.java:1136)

[13:12:20] [Craft Scheduler Thread - 1/WARN]: 	at java.base/java.util.concurrent.ThreadPoolExecutor$Worker.run(ThreadPoolExecutor.java:635)

[13:12:20] [Craft Scheduler Thread - 1/WARN]: 	at java.base/java.lang.Thread.run(Thread.java:833)

[13:12:21] [Craft Scheduler Thread - 1/WARN]: java.net.ConnectException: Connection refused: connect

[13:12:21] [Craft Scheduler Thread - 1/WARN]: 	at java.base/sun.nio.ch.Net.connect0(Native Method)

[13:12:21] [Craft Scheduler Thread - 1/WARN]: 	at java.base/sun.nio.ch.Net.connect(Net.java:579)

[13:12:21] [Craft Scheduler Thread - 1/WARN]: 	at java.base/sun.nio.ch.Net.connect(Net.java:568)

[13:12:21] [Craft Scheduler Thread - 1/WARN]: 	at java.base/sun.nio.ch.NioSocketImpl.connect(NioSocketImpl.java:588)

[13:12:21] [Craft Scheduler Thread - 1/WARN]: 	at java.base/java.net.SocksSocketImpl.connect(SocksSocketImpl.java:327)

[13:12:21] [Craft Scheduler Thread - 1/WARN]: 	at java.base/java.net.Socket.connect(Socket.java:633)

[13:12:21] [Craft Scheduler Thread - 1/WARN]: 	at java.base/java.net.Socket.connect(Socket.java:583)

[13:12:21] [Craft Scheduler Thread - 1/WARN]: 	at java.base/java.net.Socket.<init>(Socket.java:507)

[13:12:21] [Craft Scheduler Thread - 1/WARN]: 	at java.base/java.net.Socket.<init>(Socket.java:287)

[13:12:21] [Craft Scheduler Thread - 1/WARN]: 	at net.itsrelizc.networking.Communication.sendMessage(Communication.java:195)

[13:12:21] [Craft Scheduler Thread - 1/WARN]: 	at net.itsrelizc.global.RawMain$2.run(RawMain.java:202)

[13:12:21] [Craft Scheduler Thread - 1/WARN]: 	at org.bukkit.craftbukkit.v1_8_R3.scheduler.CraftTask.run(CraftTask.java:71)

[13:12:21] [Craft Scheduler Thread - 1/WARN]: 	at org.bukkit.craftbukkit.v1_8_R3.scheduler.CraftAsyncTask.run(CraftAsyncTask.java:53)

[13:12:21] [Craft Scheduler Thread - 1/WARN]: 	at java.base/java.util.concurrent.ThreadPoolExecutor.runWorker(ThreadPoolExecutor.java:1136)

[13:12:21] [Craft Scheduler Thread - 1/WARN]: 	at java.base/java.util.concurrent.ThreadPoolExecutor$Worker.run(ThreadPoolExecutor.java:635)

[13:12:21] [Craft Scheduler Thread - 1/WARN]: 	at java.base/java.lang.Thread.run(Thread.java:833)

[13:12:22] [Craft Scheduler Thread - 1/WARN]: java.net.ConnectException: Connection refused: connect

[13:12:22] [Craft Scheduler Thread - 1/WARN]: 	at java.base/sun.nio.ch.Net.connect0(Native Method)

[13:12:22] [Craft Scheduler Thread - 1/WARN]: 	at java.base/sun.nio.ch.Net.connect(Net.java:579)

[13:12:22] [Craft Scheduler Thread - 1/WARN]: 	at java.base/sun.nio.ch.Net.connect(Net.java:568)

[13:12:22] [Craft Scheduler Thread - 1/WARN]: 	at java.base/sun.nio.ch.NioSocketImpl.connect(NioSocketImpl.java:588)

[13:12:22] [Craft Scheduler Thread - 1/WARN]: 	at java.base/java.net.SocksSocketImpl.connect(SocksSocketImpl.java:327)

[13:12:22] [Craft Scheduler Thread - 1/WARN]: 	at java.base/java.net.Socket.connect(Socket.java:633)

[13:12:22] [Craft Scheduler Thread - 1/WARN]: 	at java.base/java.net.Socket.connect(Socket.java:583)

[13:12:22] [Craft Scheduler Thread - 1/WARN]: 	at java.base/java.net.Socket.<init>(Socket.java:507)

[13:12:22] [Craft Scheduler Thread - 1/WARN]: 	at java.base/java.net.Socket.<init>(Socket.java:287)

[13:12:22] [Craft Scheduler Thread - 1/WARN]: 	at net.itsrelizc.networking.Communication.sendMessage(Communication.java:195)

[13:12:22] [Craft Scheduler Thread - 1/WARN]: 	at net.itsrelizc.global.RawMain$2.run(RawMain.java:202)

[13:12:22] [Craft Scheduler Thread - 1/WARN]: 	at org.bukkit.craftbukkit.v1_8_R3.scheduler.CraftTask.run(CraftTask.java:71)

[13:12:22] [Craft Scheduler Thread - 1/WARN]: 	at org.bukkit.craftbukkit.v1_8_R3.scheduler.CraftAsyncTask.run(CraftAsyncTask.java:53)

[13:12:22] [Craft Scheduler Thread - 1/WARN]: 	at java.base/java.util.concurrent.ThreadPoolExecutor.runWorker(ThreadPoolExecutor.java:1136)

[13:12:22] [Craft Scheduler Thread - 1/WARN]: 	at java.base/java.util.concurrent.ThreadPoolExecutor$Worker.run(ThreadPoolExecutor.java:635)

[13:12:22] [Craft Scheduler Thread - 1/WARN]: 	at java.base/java.lang.Thread.run(Thread.java:833)

[13:12:23] [Craft Scheduler Thread - 1/WARN]: java.net.ConnectException: Connection refused: connect

[13:12:23] [Craft Scheduler Thread - 1/WARN]: 	at java.base/sun.nio.ch.Net.connect0(Native Method)

[13:12:23] [Craft Scheduler Thread - 1/WARN]: 	at java.base/sun.nio.ch.Net.connect(Net.java:579)

[13:12:23] [Craft Scheduler Thread - 1/WARN]: 	at java.base/sun.nio.ch.Net.connect(Net.java:568)

[13:12:23] [Craft Scheduler Thread - 1/WARN]: 	at java.base/sun.nio.ch.NioSocketImpl.connect(NioSocketImpl.java:588)

[13:12:23] [Craft Scheduler Thread - 1/WARN]: 	at java.base/java.net.SocksSocketImpl.connect(SocksSocketImpl.java:327)

[13:12:23] [Craft Scheduler Thread - 1/WARN]: 	at java.base/java.net.Socket.connect(Socket.java:633)

[13:12:23] [Craft Scheduler Thread - 1/WARN]: 	at java.base/java.net.Socket.connect(Socket.java:583)

[13:12:23] [Craft Scheduler Thread - 1/WARN]: 	at java.base/java.net.Socket.<init>(Socket.java:507)

[13:12:23] [Craft Scheduler Thread - 1/WARN]: 	at java.base/java.net.Socket.<init>(Socket.java:287)

[13:12:23] [Craft Scheduler Thread - 1/WARN]: 	at net.itsrelizc.networking.Communication.sendMessage(Communication.java:195)

[13:12:23] [Craft Scheduler Thread - 1/WARN]: 	at net.itsrelizc.global.RawMain$2.run(RawMain.java:202)

[13:12:23] [Craft Scheduler Thread - 1/WARN]: 	at org.bukkit.craftbukkit.v1_8_R3.scheduler.CraftTask.run(CraftTask.java:71)

[13:12:23] [Craft Scheduler Thread - 1/WARN]: 	at org.bukkit.craftbukkit.v1_8_R3.scheduler.CraftAsyncTask.run(CraftAsyncTask.java:53)

[13:12:23] [Craft Scheduler Thread - 1/WARN]: 	at java.base/java.util.concurrent.ThreadPoolExecutor.runWorker(ThreadPoolExecutor.java:1136)

[13:12:23] [Craft Scheduler Thread - 1/WARN]: 	at java.base/java.util.concurrent.ThreadPoolExecutor$Worker.run(ThreadPoolExecutor.java:635)

[13:12:23] [Craft Scheduler Thread - 1/WARN]: 	at java.base/java.lang.Thread.run(Thread.java:833)

